<?xml version="1.0" encoding="UTF-8"?>
<!-- Generated by org.testng.reporters.JUnitXMLReporter -->
<testsuite ignored="4" hostname="DESKTOP-NDDEHQG" failures="0" tests="7" name="Test" time="106.988" errors="0" timestamp="2023-10-03T12:58:08 IST">
  <testcase classname="generics.Basetest" name="@AfterClass tologout" time="10.151">
    <failure type="org.openqa.selenium.ElementClickInterceptedException" message="element click intercepted: Element &amp;lt;a href=&amp;quot;/logout.do&amp;quot; id=&amp;quot;logoutLink&amp;quot; class=&amp;quot;logout&amp;quot;&amp;gt;...&amp;lt;/a&amp;gt; is not clickable at point (1479, 17). Other element would receive the click: &amp;lt;div id=&amp;quot;preInsertedTransformedMoireId&amp;quot; class=&amp;quot;transformedMoireClass&amp;quot; style=&amp;quot;transition: opacity 600ms ease-in-out 0s; opacity: 0;&amp;quot;&amp;gt;&amp;lt;/div&amp;gt;
  (Session info: chrome=117.0.5938.132)
Build info: version: &amp;apos;4.11.0&amp;apos;, revision: &amp;apos;040bc5406b&amp;apos;
System info: os.name: &amp;apos;Windows 10&amp;apos;, os.arch: &amp;apos;amd64&amp;apos;, os.version: &amp;apos;10.0&amp;apos;, java.version: &amp;apos;17.0.7&amp;apos;
Driver info: org.openqa.selenium.chrome.ChromeDriver
Command: [9e13c3b06a9cb6a1806edc4ae4ccfd45, clickElement {id=67F03B860EBD74DD7278ECE36EBDA0A5_element_92}]
Capabilities {acceptInsecureCerts: false, browserName: chrome, browserVersion: 117.0.5938.132, chrome: {chromedriverVersion: 117.0.5938.92 (67649b10b92b..., userDataDir: C:\Users\BIKRAM~1\AppData\L...}, fedcm:accounts: true, goog:chromeOptions: {debuggerAddress: localhost:62441}, networkConnectionEnabled: false, pageLoadStrategy: normal, platformName: windows, proxy: Proxy(), se:cdp: ws://localhost:62441/devtoo..., se:cdpVersion: 117.0.5938.132, setWindowRect: true, strictFileInteractability: false, timeouts: {implicit: 0, pageLoad: 300000, script: 30000}, unhandledPromptBehavior: dismiss and notify, webauthn:extension:credBlob: true, webauthn:extension:largeBlob: true, webauthn:extension:minPinLength: true, webauthn:extension:prf: true, webauthn:virtualAuthenticators: true}
Element: [[ChromeDriver: chrome on windows (9e13c3b06a9cb6a1806edc4ae4ccfd45)] -&amp;gt; xpath: //a[.=&amp;apos;Logout&amp;apos;]]
Session ID: 9e13c3b06a9cb6a1806edc4ae4ccfd45">
      <![CDATA[org.openqa.selenium.ElementClickInterceptedException: element click intercepted: Element <a href="/logout.do" id="logoutLink" class="logout">...</a> is not clickable at point (1479, 17). Other element would receive the click: <div id="preInsertedTransformedMoireId" class="transformedMoireClass" style="transition: opacity 600ms ease-in-out 0s; opacity: 0;"></div>
  (Session info: chrome=117.0.5938.132)
Build info: version: '4.11.0', revision: '040bc5406b'
System info: os.name: 'Windows 10', os.arch: 'amd64', os.version: '10.0', java.version: '17.0.7'
Driver info: org.openqa.selenium.chrome.ChromeDriver
Command: [9e13c3b06a9cb6a1806edc4ae4ccfd45, clickElement {id=67F03B860EBD74DD7278ECE36EBDA0A5_element_92}]
Capabilities {acceptInsecureCerts: false, browserName: chrome, browserVersion: 117.0.5938.132, chrome: {chromedriverVersion: 117.0.5938.92 (67649b10b92b..., userDataDir: C:\Users\BIKRAM~1\AppData\L...}, fedcm:accounts: true, goog:chromeOptions: {debuggerAddress: localhost:62441}, networkConnectionEnabled: false, pageLoadStrategy: normal, platformName: windows, proxy: Proxy(), se:cdp: ws://localhost:62441/devtoo..., se:cdpVersion: 117.0.5938.132, setWindowRect: true, strictFileInteractability: false, timeouts: {implicit: 0, pageLoad: 300000, script: 30000}, unhandledPromptBehavior: dismiss and notify, webauthn:extension:credBlob: true, webauthn:extension:largeBlob: true, webauthn:extension:minPinLength: true, webauthn:extension:prf: true, webauthn:virtualAuthenticators: true}
Element: [[ChromeDriver: chrome on windows (9e13c3b06a9cb6a1806edc4ae4ccfd45)] -> xpath: //a[.='Logout']]
Session ID: 9e13c3b06a9cb6a1806edc4ae4ccfd45
at org.openqa.selenium.remote.codec.w3c.W3CHttpResponseCodec.createException(W3CHttpResponseCodec.java:200)
at org.openqa.selenium.remote.codec.w3c.W3CHttpResponseCodec.decode(W3CHttpResponseCodec.java:133)
at org.openqa.selenium.remote.codec.w3c.W3CHttpResponseCodec.decode(W3CHttpResponseCodec.java:52)
at org.openqa.selenium.remote.HttpCommandExecutor.execute(HttpCommandExecutor.java:191)
at org.openqa.selenium.remote.service.DriverCommandExecutor.invokeExecute(DriverCommandExecutor.java:196)
at org.openqa.selenium.remote.service.DriverCommandExecutor.execute(DriverCommandExecutor.java:171)
at org.openqa.selenium.remote.RemoteWebDriver.execute(RemoteWebDriver.java:518)
at org.openqa.selenium.remote.RemoteWebElement.execute(RemoteWebElement.java:224)
at org.openqa.selenium.remote.RemoteWebElement.click(RemoteWebElement.java:77)
at org.openqa.selenium.support.pagefactory.internal.LocatingElementHandler.invoke(LocatingElementHandler.java:51)
at jdk.proxy2/jdk.proxy2.$Proxy18.click(Unknown Source)
at pomclasses.Actitime_home_Page.teardown(Actitime_home_Page.java:35)
at generics.Basetest.tologout(Basetest.java:31)
at java.base/java.util.ArrayList.forEach(ArrayList.java:1511)
... Removed 35 stack frames]]>
    </failure>
  </testcase> <!-- @AfterClass tologout -->
  <testcase classname="testCase.ActitimeLoginLogout" name="Actitimeloginlogout" time="0.007"/>
  <testcase classname="testCase.ActitimeLoginLogout" name="Actitimeloginlogout" time="0.002"/>
  <testcase classname="testCase.ActitimeLoginLogout" name="Actitimeloginlogout" time="0.001"/>
  <testcase classname="testCase.ActitimeLoginLogout" name="Actitimeloginlogout" time="0.001"/>
  <testcase classname="testCase.ActitimeLoginLogout" name="Actitimeloginlogout" time="0.001"/>
  <testcase classname="testCase.ActitimeDeleteTypeOfWork" name="Actitimedeletetypeofwork" time="6.861"/>
  <testcase classname="testCase.ActitimeCreateNewTypeOfWork" name="Actitimecreatenewtypeofwork" time="15.121"/>
  <testcase classname="generics.Basetest" name="@BeforeSuite suitelevel" time="0.0">
    <ignored/>
  </testcase> <!-- @BeforeSuite suitelevel -->
  <testcase classname="generics.Basetest" name="@BeforeSuite suitelevel" time="0.0">
    <ignored/>
  </testcase> <!-- @BeforeSuite suitelevel -->
  <testcase classname="generics.Basetest" name="@AfterSuite suitelevel1" time="0.0">
    <ignored/>
  </testcase> <!-- @AfterSuite suitelevel1 -->
  <testcase classname="generics.Basetest" name="@AfterSuite suitelevel1" time="0.0">
    <ignored/>
  </testcase> <!-- @AfterSuite suitelevel1 -->
</testsuite> <!-- Test -->
